Wed Apr 26 22:47:30 2023
, from: /MMMMMMM/server_queue, to /server_queue, message: queue

 Wed Apr 26 22:57:12 2023
, from: /NNNNNNN/server_queue, to /server_queue, message: queue

 Wed Apr 26 23:00:15 2023
, from: /SSSSSSS/server_queue, to /server_queue, message: queue

 Wed Apr 26 23:03:22 2023
, from: /8888888/server_queue, to /server_queue, message: queue

 Wed Apr 26 23:09:52 2023
, from: /3333333/server_queue, to /server_queue, message: queue

 Wed Apr 26 23:30:16 2023
, from: /lllllll, to /server_queue, message: /lllllll

 Wed Apr 26 23:32:36 2023
, from: /wwwwwww, to /server_queue, message: /wwwwwww

 Wed Apr 26 23:33:30 2023
, from: /FFFFFFFFFFFFFFF/server_queue, to /server_queue, message: /FFFFFFFFFFFFFFF

 Wed Apr 26 23:42:03 2023
, from: /eeeeeeeeeeeeeee/server_queue, to /server_queue, message: /eeeeeeeeeeeeeee

 Wed Apr 26 23:43:39 2023
, from: /MMMMMMMMMMMMMMM/server_queue, to /server_queue, message: /MMMMMMMMMMMMMMM

 Wed Apr 26 23:44:25 2023
, from: /ooooooooooooooo/server_queue, to /server_queue, message: /ooooooooooooooo

 Wed Apr 26 23:45:16 2023
, from: /00000000000000, to /server_queue, message: /00000000000000

 Wed Apr 26 23:59:35 2023
, from: /YYYYYYYYYYYYYY, to /server_queue, message: /YYYYYYYYYYYYYY

 Thu Apr 27 01:13:24 2023
, from: /pppppppppppppp, to /server_queue, message: /pppppppppppppp

 Thu Apr 27 01:13:35 2023
, from: /YYYYYYYYYYYYYY, to /server_queue, message: /YYYYYYYYYYYYYY

 Thu Apr 27 01:13:38 2023
, from: /YYYYYYYYYYYYYY, to /server_queue, message: Could you please give me th list of all users?

 Thu Apr 27 01:16:37 2023
, from: /ssssssssssssss, to /server_queue, message: /ssssssssssssss

 Thu Apr 27 01:16:39 2023
, from: /ssssssssssssss, to /server_queue, message: Could you please give me th list of all users?

 Thu Apr 27 01:19:41 2023
, from: /ZZZZZZZZZZZZZZ, to /server_queue, message: /ZZZZZZZZZZZZZZ

 Thu Apr 27 01:19:46 2023
, from: /ZZZZZZZZZZZZZZ, to /server_queue, message: Could you please give me th list of all users?

 Thu Apr 27 09:26:09 2023
, from: /UUUUUUUUUUUUUU, to /server_queue, message: /UUUUUUUUUUUUUU

 Thu Apr 27 09:26:30 2023
, from: /UUUUUUUUUUUUUU, to /server_queue, message: Could you please give me th list of all users?

 