
 Wed Apr 26 13:52:21 2023
, from: 65547, to 65545, message: Hello server, will you let me in?

 Wed Apr 26 13:52:25 2023
, from: 65548, to 65545, message: Hello server, will you let me in?

 Wed Apr 26 13:52:29 2023
, from: 65549, to 65545, message: Hello server, will you let me in?

 Wed Apr 26 13:52:32 2023
, from: 65550, to 65545, message: Hello server, will you let me in?

 Wed Apr 26 13:52:38 2023
, from: 65549, to 65545, message: 

 Wed Apr 26 13:52:40 2023
, from: 65550, to 65545, message: Hello server, will you let me in?

 Wed Apr 26 13:52:46 2023
, from: 65550, to 65545, message: Give me all active clients

 Wed Apr 26 13:52:53 2023
, from: 65550, to 65546, message: helloThere!

 Wed Apr 26 13:52:53 2023
, from: 65550, to 65547, message: helloThere!

 Wed Apr 26 13:52:53 2023
, from: 65550, to 65548, message: helloThere!

 Wed Apr 26 13:52:53 2023
, from: 65550, to 65548, message: helloThere!

 Wed Apr 26 13:53:53 2023
, from: 65548, to 65548, message: oh_hey

 Wed Apr 26 13:54:13 2023
, from: 65548, to 65550, message: oh_hey

 Wed Apr 26 14:14:16 2023
, from: 65550, to 65545, message: 

 Wed Apr 26 14:14:18 2023
, from: 65548, to 65545, message: 

 Wed Apr 26 14:14:18 2023
, from: 65547, to 65545, message: 

 Wed Apr 26 14:14:19 2023
, from: 65546, to 65545, message: 

 Thu Apr 27 09:23:41 2023
, from: 1, to 0, message: Hello server, will you let me in?

 Thu Apr 27 09:23:59 2023
, from: 2, to 0, message: Hello server, will you let me in?

 Thu Apr 27 09:24:04 2023
, from: 1, to 0, message: Give me all active clients

 Thu Apr 27 09:24:18 2023
, from: 2, to 1, message: hello

 Thu Apr 27 09:24:39 2023
, from: 3, to 0, message: Hello server, will you let me in?

 Thu Apr 27 09:24:48 2023
, from: 2, to 1, message: helloAll

 Thu Apr 27 09:24:48 2023
, from: 2, to 3, message: helloAll

 Thu Apr 27 09:24:48 2023
, from: 2, to 3, message: helloAll

 Thu Apr 27 09:25:02 2023
, from: 1, to 0, message: 

 